


ARM Macro Assembler    Page 1 


    1 00000000         #line   1                "..\\..\\..\\Middlewares\\ST\\h
al\\Src\\blue_unit_conversion.s"
    1 00000000         #line   1                "..\\..\\..\\Middlewares\\ST\\h
al\\Src\\../inc/asm.h"
    1 00000000         
    2 00000000         
    3 00000000         
    4 00000000         
    5 00000000         
    6 00000000         
    7 00000000         
    8 00000000         
    9 00000000         
   10 00000000         
   11 00000000         
   12 00000000         
   13 00000000         
   14 00000000         
   15 00000000         
   16 00000000         
   17 00000000         
   18 00000000         
   19 00000000         
   20 00000000         #line   67               "..\\..\\..\\Middlewares\\ST\\h
al\\Src\\../inc/asm.h"
   67 00000000         
   68 00000000         
   69 00000000         
   70 00000000         
   71 00000000         
   72 00000000         
   73 00000000         
   74 00000000         
   75 00000000         
   76 00000000         
   77 00000000         
   78 00000000         
   79 00000000         #line   2                "..\\..\\..\\Middlewares\\ST\\h
al\\Src\\blue_unit_conversion.s"
    2 00000000         
    3 00000000                 AREA             |. text|, CODE, READONLY
    4 00000000         
    5 00000000                 EXPORT           blue_unit_conversion
    6 00000000         
    7 00000000         
    8 00000000         
    9 00000000         
   10 00000000         
   11 00000000         
   12 00000000         
   13 00000000         
   14 00000000         
   15 00000000         
   16 00000000         
   17 00000000         
   18 00000000         
   19 00000000         
   20 00000000         
   21 00000000         



ARM Macro Assembler    Page 2 


   22 00000000         blue_unit_conversion
                               PROC
   23 00000000 B510            PUSH             {r4, lr}
   24 00000002 4290            CMP              r0, r2
   25 00000004 D9FE            BLS              mul32
   26 00000006 B28A            UXTH             r2, r1
   27 00000008 0C03            LSRS             r3, r0, #16
   28 0000000A 0C09            LSRS             r1, r1, #16
   29 0000000C 460C            MOV              r4, r1
   30 0000000E 4359            MULS             r1, r3, r1
   31 00000010 B280            UXTH             r0, r0
   32 00000012 4353            MULS             r3, r2, r3
   33 00000014 4344            MULS             r4, r0, r4
   34 00000016 4350            MULS             r0, r2, r0
   35 00000018 191B            ADDS             r3, r3, r4
   36 0000001A 041A            LSLS             r2, r3, #16
   37 0000001C 0C1B            LSRS             r3, r3, #16
   38 0000001E 1810            ADDS             r0, r2, r0
   39 00000020 4159            ADCS             r1, r3
   40 00000022         
   41 00000022 2280            MOVS             r2, #128
   42 00000024 0352            LSLS             r2, r2, #13
   43 00000026 2300            MOVS             r3, #0
   44 00000028 1812            ADDS             r2, r2, r0
   45 0000002A 414B            ADCS             r3, r1
   46 0000002C 0D52            LSRS             r2, r2, #21
   47 0000002E 02D8            LSLS             r0, r3, #11
   48 00000030 4310            ORRS             r0, r2
   49 00000032         
   50 00000032 BD10            POP              {r4, pc}
   51 00000034         
   52 00000034                 ENDP
   53 00000034         
   54 00000034         mul32   PROC
   55 00000034 4348            MULS             r0, r1, r0
   56 00000036 2280            MOVS             r2, #128
   57 00000038 0352            LSLS             r2, r2, #13
   58 0000003A 1812            ADDS             r2, r2, r0
   59 0000003C 0D52            LSRS             r2, r2, #21
   60 0000003E 4610            MOV              r0, r2
   61 00000040         
   62 00000040 BD10            POP              {r4, pc}
   63 00000042         
   64 00000042                 ENDP
   65 00000042         
   66 00000042         
   67 00000042 00 00           ALIGN            4
   68 00000044                 END
Command Line: --debug --xref --cpreproc --diag_suppress=9931 --cpu=Cortex-M0+ -
-apcs=interwork --depend=.\objects\blue_unit_conversion.d -o.\objects\blue_unit
_conversion.o -ID:\keil\Pack\Keil\STBlueNRG-LP_DFP\3.0.0\Drivers\CMSIS\Device\S
T\BlueNRG_LP\Include --predefine="__UVISION_VERSION SETA 538" --predefine="CONF
IG_DEVICE_BLUENRG_LP SETA 1" --list=.\listings\blue_unit_conversion.lst ..\..\.
.\Middlewares\ST\hal\Src\blue_unit_conversion.s



ARM Macro Assembler    Page 1 Alphabetic symbol ordering
Relocatable symbols

. text 00000000

Symbol: . text
   Definitions
      At line 3 in file ..\\..\\..\\Middlewares\\ST\\hal\\Src\\blue_unit_conver
sion.s
   Uses
      None
Comment: . text unused
blue_unit_conversion 00000000

Symbol: blue_unit_conversion
   Definitions
      At line 22 in file ..\\..\\..\\Middlewares\\ST\\hal\\Src\\blue_unit_conve
rsion.s
   Uses
      At line 5 in file ..\\..\\..\\Middlewares\\ST\\hal\\Src\\blue_unit_conver
sion.s
Comment: blue_unit_conversion used once
mul32 00000034

Symbol: mul32
   Definitions
      At line 54 in file ..\\..\\..\\Middlewares\\ST\\hal\\Src\\blue_unit_conve
rsion.s
   Uses
      At line 25 in file ..\\..\\..\\Middlewares\\ST\\hal\\Src\\blue_unit_conve
rsion.s
Comment: mul32 used once
3 symbols
335 symbols in table
