


ARM Macro Assembler    Page 1 


    1 00000000         #line   1                "..\\..\\..\\Middlewares\\ST\\h
al\\Src\\osal_memcpy.s"
    1 00000000         #line   1                "..\\..\\..\\Middlewares\\ST\\h
al\\Src\\../inc/asm.h"
    1 00000000         
    2 00000000         
    3 00000000         
    4 00000000         
    5 00000000         
    6 00000000         
    7 00000000         
    8 00000000         
    9 00000000         
   10 00000000         
   11 00000000         
   12 00000000         
   13 00000000         
   14 00000000         
   15 00000000         
   16 00000000         
   17 00000000         
   18 00000000         
   19 00000000         
   20 00000000         #line   67               "..\\..\\..\\Middlewares\\ST\\h
al\\Src\\../inc/asm.h"
   67 00000000         
   68 00000000         
   69 00000000         
   70 00000000         
   71 00000000         
   72 00000000         
   73 00000000         
   74 00000000         
   75 00000000         
   76 00000000         
   77 00000000         
   78 00000000         
   79 00000000         #line   2                "..\\..\\..\\Middlewares\\ST\\h
al\\Src\\osal_memcpy.s"
    2 00000000         
    3 00000000                 AREA             |. text|, CODE, READONLY
    4 00000000         
    5 00000000                 EXPORT           Osal_MemCpy
    6 00000000         
    7 00000000         
    8 00000000         Osal_MemCpy
                               PROC
    9 00000000 078B            LSLS             R3, R1, #30
   10 00000002 D007            BEQ              memcpy_1
   11 00000004         memcpy_byte
   12 00000004 1E52            SUBS             R2, R2, #1
   13 00000006 D322            BCC              memcpy_exit
   14 00000008 780B            LDRB             R3, [R1]
   15 0000000A 1C49            ADDS             R1, R1, #1
   16 0000000C 7003            STRB             R3, [R0]
   17 0000000E 1C40            ADDS             R0, R0, #1
   18 00000010 078B            LSLS             R3, R1, #30
   19 00000012 D1F7            BNE              memcpy_byte
   20 00000014         memcpy_1



ARM Macro Assembler    Page 2 


   21 00000014 0783            LSLS             R3, R0, #30
   22 00000016 D030            BEQ              memcpy4
   23 00000018 42DB            CMN              R3, R3
   24 0000001A D019            BEQ              memcpy_7
   25 0000001C 1E40            SUBS             R0, R0, #1
   26 0000001E 1F12            SUBS             R2, R2, #4
   27 00000020 D308            BCC              memcpy_3
   28 00000022         memcpy_2
   29 00000022 C908            LDM              R1!, {R3}
   30 00000024 7043            STRB             R3, [R0, #1]
   31 00000026 0A1B            LSRS             R3, R3, #8
   32 00000028 8043            STRH             R3, [R0, #2]
   33 0000002A 0C1B            LSRS             R3, R3, #16
   34 0000002C 7103            STRB             R3, [R0, #4]
   35 0000002E 1D00            ADDS             R0, R0, #4
   36 00000030 1F12            SUBS             R2, R2, #4
   37 00000032 D2F6            BCS              memcpy_2
   38 00000034         memcpy_3
   39 00000034 07D2            LSLS             R2, R2, #31
   40 00000036 D307            BCC              memcpy_5
   41 00000038 880B            LDRH             R3, [R1]
   42 0000003A 7043            STRB             R3, [R0, #1]
   43 0000003C D001            BEQ              memcpy_4
   44 0000003E 788A            LDRB             R2, [R1, #2]
   45 00000040 70C2            STRB             R2, [R0, #3]
   46 00000042         memcpy_4
   47 00000042 0A1B            LSRS             R3, R3, #8
   48 00000044 7083            STRB             R3, [R0, #2]
   49 00000046 4770            BX               LR
   50 00000048         memcpy_5
   51 00000048 D001            BEQ              memcpy_exit
   52 0000004A 780B            LDRB             R3, [R1]
   53 0000004C 7043            STRB             R3, [R0, #1]
   54 0000004E         memcpy_exit
   55 0000004E 4770            BX               LR
   56 00000050         memcpy_7
   57 00000050 1F12            SUBS             R2, R2, #4
   58 00000052 D306            BCC              memcpy_9
   59 00000054         memcpy_8
   60 00000054 C908            LDM              R1!, {R3}
   61 00000056 8003            STRH             R3, [R0]
   62 00000058 0C1B            LSRS             R3, R3, #16
   63 0000005A 8043            STRH             R3, [R0, #2]
   64 0000005C 1D00            ADDS             R0, R0, #4
   65 0000005E 1F12            SUBS             R2, R2, #4
   66 00000060 D2F8            BCS              memcpy_8
   67 00000062         memcpy_9
   68 00000062 07D2            LSLS             R2, R2, #31
   69 00000064 D305            BCC              memcpy_10
   70 00000066 880B            LDRH             R3, [R1]
   71 00000068 8003            STRH             R3, [R0]
   72 0000006A D005            BEQ              memcpy_11
   73 0000006C 788B            LDRB             R3, [R1, #2]
   74 0000006E 7083            STRB             R3, [R0, #2]
   75 00000070 4770            BX               LR
   76 00000072         memcpy_10
   77 00000072 D001            BEQ              memcpy_11
   78 00000074 780B            LDRB             R3, [R1]
   79 00000076 7003            STRB             R3, [R0]



ARM Macro Assembler    Page 3 


   80 00000078         memcpy_11
   81 00000078 4770            BX               LR
   82 0000007A         
   83 0000007A         memcpy4
   84 0000007A B470            PUSH             {R4-R6}
   85 0000007C 3A10            SUBS             R2, #16
   86 0000007E D303            BCC              memcpy4_2words
   87 00000080         memcpy4_4words
   88 00000080 C978            LDM              R1!, {R3-R6}
   89 00000082 C078            STM              R0!, {R3-R6}
   90 00000084 3A10            SUBS             R2, #16
   91 00000086 D2FB            BCS              memcpy4_4words
   92 00000088         memcpy4_2words
   93 00000088 0753            LSLS             R3, R2, #29
   94 0000008A D301            BCC              memcpy4_word
   95 0000008C C918            LDM              R1!, {R3, R4}
   96 0000008E C018            STM              R0!, {R3, R4}
   97 00000090         memcpy4_word
   98 00000090 D501            BPL              memcpy4_halfword
   99 00000092 C908            LDM              R1!, {R3}
  100 00000094 C008            STM              R0!, {R3}
  101 00000096         memcpy4_halfword
  102 00000096 07D2            LSLS             R2, R2, #31
  103 00000098 D304            BCC              memcpy4_byte
  104 0000009A 880B            LDRH             R3, [R1]
  105 0000009C 8003            STRH             R3, [R0]
  106 0000009E 1C80            ADDS             R0, R0, #2
  107 000000A0 1C89            ADDS             R1, R1, #2
  108 000000A2 2A00            CMP              R2, #0
  109 000000A4         memcpy4_byte
  110 000000A4 D501            BPL              memcpy4_exit
  111 000000A6 780B            LDRB             R3, [R1]
  112 000000A8 7003            STRB             R3, [R0]
  113 000000AA         memcpy4_exit
  114 000000AA BC70            POP              {R4-R6}
  115 000000AC 4770            BX               LR
  116 000000AE         
  117 000000AE                 ENDP
  118 000000AE         
  119 000000AE         
  120 000000AE         
  121 000000AE 00 00           ALIGN            4
  122 000000B0                 END
Command Line: --debug --xref --cpreproc --diag_suppress=9931 --cpu=Cortex-M0+ -
-apcs=interwork --depend=.\objects\osal_memcpy.d -o.\objects\osal_memcpy.o -ID:
\keil\Pack\Keil\STBlueNRG-LP_DFP\3.0.0\Drivers\CMSIS\Device\ST\BlueNRG_LP\Inclu
de --predefine="__UVISION_VERSION SETA 538" --predefine="CONFIG_DEVICE_BLUENRG_
LP SETA 1" --list=.\listings\osal_memcpy.lst ..\..\..\Middlewares\ST\hal\Src\os
al_memcpy.s



ARM Macro Assembler    Page 1 Alphabetic symbol ordering
Relocatable symbols

. text 00000000

Symbol: . text
   Definitions
      At line 3 in file ..\\..\\..\\Middlewares\\ST\\hal\\Src\\osal_memcpy.s
   Uses
      None
Comment: . text unused
Osal_MemCpy 00000000

Symbol: Osal_MemCpy
   Definitions
      At line 8 in file ..\\..\\..\\Middlewares\\ST\\hal\\Src\\osal_memcpy.s
   Uses
      At line 5 in file ..\\..\\..\\Middlewares\\ST\\hal\\Src\\osal_memcpy.s
Comment: Osal_MemCpy used once
memcpy4 0000007A

Symbol: memcpy4
   Definitions
      At line 83 in file ..\\..\\..\\Middlewares\\ST\\hal\\Src\\osal_memcpy.s
   Uses
      At line 22 in file ..\\..\\..\\Middlewares\\ST\\hal\\Src\\osal_memcpy.s
Comment: memcpy4 used once
memcpy4_2words 00000088

Symbol: memcpy4_2words
   Definitions
      At line 92 in file ..\\..\\..\\Middlewares\\ST\\hal\\Src\\osal_memcpy.s
   Uses
      At line 86 in file ..\\..\\..\\Middlewares\\ST\\hal\\Src\\osal_memcpy.s
Comment: memcpy4_2words used once
memcpy4_4words 00000080

Symbol: memcpy4_4words
   Definitions
      At line 87 in file ..\\..\\..\\Middlewares\\ST\\hal\\Src\\osal_memcpy.s
   Uses
      At line 91 in file ..\\..\\..\\Middlewares\\ST\\hal\\Src\\osal_memcpy.s
Comment: memcpy4_4words used once
memcpy4_byte 000000A4

Symbol: memcpy4_byte
   Definitions
      At line 109 in file ..\\..\\..\\Middlewares\\ST\\hal\\Src\\osal_memcpy.s
   Uses
      At line 103 in file ..\\..\\..\\Middlewares\\ST\\hal\\Src\\osal_memcpy.s
Comment: memcpy4_byte used once
memcpy4_exit 000000AA

Symbol: memcpy4_exit
   Definitions
      At line 113 in file ..\\..\\..\\Middlewares\\ST\\hal\\Src\\osal_memcpy.s
   Uses
      At line 110 in file ..\\..\\..\\Middlewares\\ST\\hal\\Src\\osal_memcpy.s
Comment: memcpy4_exit used once
memcpy4_halfword 00000096

Symbol: memcpy4_halfword



ARM Macro Assembler    Page 2 Alphabetic symbol ordering
Relocatable symbols

   Definitions
      At line 101 in file ..\\..\\..\\Middlewares\\ST\\hal\\Src\\osal_memcpy.s
   Uses
      At line 98 in file ..\\..\\..\\Middlewares\\ST\\hal\\Src\\osal_memcpy.s
Comment: memcpy4_halfword used once
memcpy4_word 00000090

Symbol: memcpy4_word
   Definitions
      At line 97 in file ..\\..\\..\\Middlewares\\ST\\hal\\Src\\osal_memcpy.s
   Uses
      At line 94 in file ..\\..\\..\\Middlewares\\ST\\hal\\Src\\osal_memcpy.s
Comment: memcpy4_word used once
memcpy_1 00000014

Symbol: memcpy_1
   Definitions
      At line 20 in file ..\\..\\..\\Middlewares\\ST\\hal\\Src\\osal_memcpy.s
   Uses
      At line 10 in file ..\\..\\..\\Middlewares\\ST\\hal\\Src\\osal_memcpy.s
Comment: memcpy_1 used once
memcpy_10 00000072

Symbol: memcpy_10
   Definitions
      At line 76 in file ..\\..\\..\\Middlewares\\ST\\hal\\Src\\osal_memcpy.s
   Uses
      At line 69 in file ..\\..\\..\\Middlewares\\ST\\hal\\Src\\osal_memcpy.s
Comment: memcpy_10 used once
memcpy_11 00000078

Symbol: memcpy_11
   Definitions
      At line 80 in file ..\\..\\..\\Middlewares\\ST\\hal\\Src\\osal_memcpy.s
   Uses
      At line 72 in file ..\\..\\..\\Middlewares\\ST\\hal\\Src\\osal_memcpy.s
      At line 77 in file ..\\..\\..\\Middlewares\\ST\\hal\\Src\\osal_memcpy.s

memcpy_2 00000022

Symbol: memcpy_2
   Definitions
      At line 28 in file ..\\..\\..\\Middlewares\\ST\\hal\\Src\\osal_memcpy.s
   Uses
      At line 37 in file ..\\..\\..\\Middlewares\\ST\\hal\\Src\\osal_memcpy.s
Comment: memcpy_2 used once
memcpy_3 00000034

Symbol: memcpy_3
   Definitions
      At line 38 in file ..\\..\\..\\Middlewares\\ST\\hal\\Src\\osal_memcpy.s
   Uses
      At line 27 in file ..\\..\\..\\Middlewares\\ST\\hal\\Src\\osal_memcpy.s
Comment: memcpy_3 used once
memcpy_4 00000042

Symbol: memcpy_4
   Definitions
      At line 46 in file ..\\..\\..\\Middlewares\\ST\\hal\\Src\\osal_memcpy.s



ARM Macro Assembler    Page 3 Alphabetic symbol ordering
Relocatable symbols

   Uses
      At line 43 in file ..\\..\\..\\Middlewares\\ST\\hal\\Src\\osal_memcpy.s
Comment: memcpy_4 used once
memcpy_5 00000048

Symbol: memcpy_5
   Definitions
      At line 50 in file ..\\..\\..\\Middlewares\\ST\\hal\\Src\\osal_memcpy.s
   Uses
      At line 40 in file ..\\..\\..\\Middlewares\\ST\\hal\\Src\\osal_memcpy.s
Comment: memcpy_5 used once
memcpy_7 00000050

Symbol: memcpy_7
   Definitions
      At line 56 in file ..\\..\\..\\Middlewares\\ST\\hal\\Src\\osal_memcpy.s
   Uses
      At line 24 in file ..\\..\\..\\Middlewares\\ST\\hal\\Src\\osal_memcpy.s
Comment: memcpy_7 used once
memcpy_8 00000054

Symbol: memcpy_8
   Definitions
      At line 59 in file ..\\..\\..\\Middlewares\\ST\\hal\\Src\\osal_memcpy.s
   Uses
      At line 66 in file ..\\..\\..\\Middlewares\\ST\\hal\\Src\\osal_memcpy.s
Comment: memcpy_8 used once
memcpy_9 00000062

Symbol: memcpy_9
   Definitions
      At line 67 in file ..\\..\\..\\Middlewares\\ST\\hal\\Src\\osal_memcpy.s
   Uses
      At line 58 in file ..\\..\\..\\Middlewares\\ST\\hal\\Src\\osal_memcpy.s
Comment: memcpy_9 used once
memcpy_byte 00000004

Symbol: memcpy_byte
   Definitions
      At line 11 in file ..\\..\\..\\Middlewares\\ST\\hal\\Src\\osal_memcpy.s
   Uses
      At line 19 in file ..\\..\\..\\Middlewares\\ST\\hal\\Src\\osal_memcpy.s
Comment: memcpy_byte used once
memcpy_exit 0000004E

Symbol: memcpy_exit
   Definitions
      At line 54 in file ..\\..\\..\\Middlewares\\ST\\hal\\Src\\osal_memcpy.s
   Uses
      At line 13 in file ..\\..\\..\\Middlewares\\ST\\hal\\Src\\osal_memcpy.s
      At line 51 in file ..\\..\\..\\Middlewares\\ST\\hal\\Src\\osal_memcpy.s

21 symbols
353 symbols in table
